Simple Interest: Rs.1000.0
Compound Interest: Rs.1082.0
Select Material Standard:
1.Standard Materials 2.Above Standard Materials 3.High Standard Materials
You have selected option: 1
Enter total area of the House
Total area of the House: 245.0square feet
Estimated House Construction cost: Rs.294000.0

Simple Interest: Rs.1000.0
Compound Interest: Rs.1082.0
Select Material Standard:
1.Standard Materials 2.Above Standard Materials 3.High Standard Materials
You have selected option: 2
Enter total area of the House
Total area of the House: 245.0square feet
Estimated House Construction cost: Rs.367500.0

Simple Interest: Rs.1000.0
Compound Interest: Rs.1082.0
Select Material Standard:
1.Standard Materials 2.Above Standard Materials 3.High Standard Materials
You have selected option: 3
Do you want Fully Automated House:
1.Yes 2.No
You have selected option: 1
Enter total area of the House
Total area of the House: 245.0square feet
Estimated House Construction cost: Rs.612500.0

Simple Interest: Rs.1000.0
Compound Interest: Rs.1082.0
Select Material Standard:
1.Standard Materials 2.Above Standard Materials 3.High Standard Materials
You have selected option: 3
Do you want Fully Automated House:
1.Yes 2.No
You have selected option: 2
Enter total area of the House
Total area of the House: 245.0square feet
Estimated House Construction cost: Rs.441000.0

Simple Interest: Rs.1000.0
Compound Interest: Rs.1082.0
Select Material Standard:
1.Standard Materials 2.Above Standard Materials 3.High Standard Materials
You have selected option: 3
Do you want Fully Automated House:
1.Yes 2.No
You have selected option: 3
Please select a valid option

Simple Interest: Rs.1000.0
Compound Interest: Rs.1082.0
Select Material Standard:
1.Standard Materials 2.Above Standard Materials 3.High Standard Materials
You have selected option: 4
Please select a valid option
